<?xml version="1.0" encoding="UTF-8"?>
<!-- Generated by org.testng.reporters.JUnitXMLReporter -->
<testsuite ignored="0" hostname="ip-172-31-6-239" failures="0" tests="9" name="loginTest" time="14.168" errors="0" timestamp="2026-01-26T14:40:14 UTC">
  <testcase classname="logintest.LoginTest" name="VerifyDefaultButtonState" time="1.22"/>
  <testcase classname="logintest.LoginTest" name="greaterLengthPhoneNumberInputFieldValidation" time="0.313"/>
  <testcase classname="logintest.LoginTest" name="greaterLengthPhoneNumberInputFieldValidation" time="0.305"/>
  <testcase classname="logintest.LoginTest" name="greaterLengthPhoneNumberInputFieldValidation" time="0.248"/>
  <testcase classname="logintest.LoginTest" name="lesserLengthPhoneNumberInputFieldValidation" time="0.223"/>
  <testcase classname="logintest.LoginTest" name="lesserLengthPhoneNumberInputFieldValidation" time="0.25"/>
  <testcase classname="logintest.LoginTest" name="lesserLengthPhoneNumberInputFieldValidation" time="0.235"/>
  <testcase classname="logintest.LoginTest" name="validPhoneNumberValidation" time="0.972"/>
  <testcase classname="searchTest.SearchTest" name="testProductSearch" time="6.379"/>
</testsuite> <!-- loginTest -->
