<?xml version="1.0" encoding="UTF-8"?>
<!-- Generated by org.testng.reporters.JUnitXMLReporter -->
<testsuite ignored="0" hostname="ip-172-31-6-239" failures="0" tests="11" name="loginTest" time="26.287" errors="0" timestamp="2026-01-29T21:34:47 UTC">
  <testcase classname="logintest.LoginTest" name="VerifyDefaultButtonState" time="1.17"/>
  <testcase classname="logintest.LoginTest" name="greaterLengthPhoneNumberInputFieldValidation" time="0.373"/>
  <testcase classname="logintest.LoginTest" name="greaterLengthPhoneNumberInputFieldValidation" time="0.303"/>
  <testcase classname="logintest.LoginTest" name="greaterLengthPhoneNumberInputFieldValidation" time="0.297"/>
  <testcase classname="logintest.LoginTest" name="lesserLengthPhoneNumberInputFieldValidation" time="0.259"/>
  <testcase classname="logintest.LoginTest" name="lesserLengthPhoneNumberInputFieldValidation" time="0.292"/>
  <testcase classname="logintest.LoginTest" name="lesserLengthPhoneNumberInputFieldValidation" time="0.282"/>
  <testcase classname="logintest.LoginTest" name="validPhoneNumberValidation" time="1.049"/>
  <testcase classname="searchTest.SearchTest" name="testProductSearch" time="7.545"/>
  <testcase classname="addressTest.AddressTest" name="testAddress" time="3.651"/>
  <testcase classname="categoryTest.CategoryAndSubCategoryTest" name="testCategory" time="1.364"/>
</testsuite> <!-- loginTest -->
