<?xml version="1.0" encoding="UTF-8"?>
<!-- Generated by org.testng.reporters.JUnitXMLReporter -->
<testsuite ignored="0" hostname="ip-172-31-6-239" failures="0" tests="11" name="loginTest" time="25.559" errors="0" timestamp="2026-02-02T04:05:46 UTC">
  <testcase classname="logintest.LoginTest" name="VerifyDefaultButtonState" time="0.743"/>
  <testcase classname="logintest.LoginTest" name="greaterLengthPhoneNumberInputFieldValidation" time="0.395"/>
  <testcase classname="logintest.LoginTest" name="greaterLengthPhoneNumberInputFieldValidation" time="0.327"/>
  <testcase classname="logintest.LoginTest" name="greaterLengthPhoneNumberInputFieldValidation" time="0.334"/>
  <testcase classname="logintest.LoginTest" name="lesserLengthPhoneNumberInputFieldValidation" time="0.343"/>
  <testcase classname="logintest.LoginTest" name="lesserLengthPhoneNumberInputFieldValidation" time="0.304"/>
  <testcase classname="logintest.LoginTest" name="lesserLengthPhoneNumberInputFieldValidation" time="0.315"/>
  <testcase classname="logintest.LoginTest" name="validPhoneNumberValidation" time="1.066"/>
  <testcase classname="searchTest.SearchTest" name="testProductSearch" time="7.9"/>
  <testcase classname="addressTest.AddressTest" name="testAddress" time="2.914"/>
  <testcase classname="categoryTest.CategoryAndSubCategoryTest" name="testCategory" time="1.588"/>
</testsuite> <!-- loginTest -->
