<?xml version="1.0" encoding="UTF-8"?>
<!-- Generated by org.testng.reporters.JUnitXMLReporter -->
<testsuite ignored="0" hostname="ip-172-31-6-239" failures="1" tests="11" name="loginTest" time="24.776" errors="0" timestamp="2026-02-02T09:54:21 UTC">
  <testcase classname="logintest.LoginTest" name="VerifyDefaultButtonState" time="0.776"/>
  <testcase classname="logintest.LoginTest" name="greaterLengthPhoneNumberInputFieldValidation" time="0.439"/>
  <testcase classname="logintest.LoginTest" name="greaterLengthPhoneNumberInputFieldValidation" time="0.357"/>
  <testcase classname="logintest.LoginTest" name="greaterLengthPhoneNumberInputFieldValidation" time="0.382"/>
  <testcase classname="logintest.LoginTest" name="lesserLengthPhoneNumberInputFieldValidation" time="0.298"/>
  <testcase classname="logintest.LoginTest" name="lesserLengthPhoneNumberInputFieldValidation" time="0.33"/>
  <testcase classname="logintest.LoginTest" name="lesserLengthPhoneNumberInputFieldValidation" time="0.303"/>
  <testcase classname="logintest.LoginTest" name="validPhoneNumberValidation" time="1.066"/>
  <testcase classname="searchTest.SearchTest" name="testProductSearch" time="7.279"/>
  <testcase classname="addressTest.AddressTest" name="testAddress" time="3.406"/>
  <testcase classname="categoryTest.CategoryAndSubCategoryTest" name="testCategory" time="1.378">
    <failure type="java.lang.AssertionError" message="expected [true] but found [false]">
      <![CDATA[java.lang.AssertionError: expected [true] but found [false]
at categoryTest.CategoryAndSubCategoryTest.testCategory(CategoryAndSubCategoryTest.java:54)
at java.base/java.util.ArrayList.forEach(ArrayList.java:1596)
... Removed 29 stack frames]]>
    </failure>
  </testcase> <!-- testCategory -->
</testsuite> <!-- loginTest -->
