<?xml version="1.0" encoding="UTF-8"?>
<testng-results ignored="0" total="11" passed="10" failed="1" skipped="0">
  <reporter-output>
  </reporter-output>
  <suite started-at="2026-02-02T09:53:56 UTC" name="Suite" finished-at="2026-02-02T09:54:21 UTC" duration-ms="24776">
    <groups>
    </groups>
    <test started-at="2026-02-02T09:53:56 UTC" name="loginTest" finished-at="2026-02-02T09:54:21 UTC" duration-ms="24776">
      <class name="logintest.LoginTest">
        <test-method is-config="true" signature="setUpSuite()[pri:0, instance:logintest.LoginTest@1f2586d6]" started-at="2026-02-02T09:53:54 UTC" name="setUpSuite" finished-at="2026-02-02T09:53:56 UTC" duration-ms="2424" status="PASS">
          <reporter-output>
          </reporter-output>
        </test-method> <!-- setUpSuite -->
        <test-method is-config="true" signature="setUp()[pri:0, instance:logintest.LoginTest@1f2586d6]" started-at="2026-02-02T09:53:56 UTC" name="setUp" finished-at="2026-02-02T09:54:00 UTC" duration-ms="3918" status="PASS">
          <reporter-output>
          </reporter-output>
        </test-method> <!-- setUp -->
        <test-method signature="VerifyDefaultButtonState()[pri:1, instance:logintest.LoginTest@1f2586d6]" started-at="2026-02-02T09:54:00 UTC" name="VerifyDefaultButtonState" finished-at="2026-02-02T09:54:01 UTC" duration-ms="776" status="PASS">
          <reporter-output>
          </reporter-output>
        </test-method> <!-- VerifyDefaultButtonState -->
        <test-method signature="greaterLengthPhoneNumberInputFieldValidation(java.lang.String)[pri:2, instance:logintest.LoginTest@1f2586d6]" started-at="2026-02-02T09:54:01 UTC" name="greaterLengthPhoneNumberInputFieldValidation" data-provider="moreThan10DigitNumbers" finished-at="2026-02-02T09:54:01 UTC" duration-ms="439" status="PASS">
          <params>
            <param index="0">
              <value>
                <![CDATA[962164185612]]>
              </value>
            </param>
          </params>
          <reporter-output>
          </reporter-output>
        </test-method> <!-- greaterLengthPhoneNumberInputFieldValidation -->
        <test-method signature="greaterLengthPhoneNumberInputFieldValidation(java.lang.String)[pri:2, instance:logintest.LoginTest@1f2586d6]" started-at="2026-02-02T09:54:01 UTC" name="greaterLengthPhoneNumberInputFieldValidation" data-provider="moreThan10DigitNumbers" finished-at="2026-02-02T09:54:02 UTC" duration-ms="357" status="PASS">
          <params>
            <param index="0">
              <value>
                <![CDATA[962164185623]]>
              </value>
            </param>
          </params>
          <reporter-output>
          </reporter-output>
        </test-method> <!-- greaterLengthPhoneNumberInputFieldValidation -->
        <test-method signature="greaterLengthPhoneNumberInputFieldValidation(java.lang.String)[pri:2, instance:logintest.LoginTest@1f2586d6]" started-at="2026-02-02T09:54:02 UTC" name="greaterLengthPhoneNumberInputFieldValidation" data-provider="moreThan10DigitNumbers" finished-at="2026-02-02T09:54:02 UTC" duration-ms="382" status="PASS">
          <params>
            <param index="0">
              <value>
                <![CDATA[962164185634]]>
              </value>
            </param>
          </params>
          <reporter-output>
          </reporter-output>
        </test-method> <!-- greaterLengthPhoneNumberInputFieldValidation -->
        <test-method signature="lesserLengthPhoneNumberInputFieldValidation(java.lang.String)[pri:3, instance:logintest.LoginTest@1f2586d6]" started-at="2026-02-02T09:54:02 UTC" name="lesserLengthPhoneNumberInputFieldValidation" data-provider="lessThan10DigitNumbers" finished-at="2026-02-02T09:54:02 UTC" duration-ms="298" status="PASS">
          <params>
            <param index="0">
              <value>
                <![CDATA[9]]>
              </value>
            </param>
          </params>
          <reporter-output>
          </reporter-output>
        </test-method> <!-- lesserLengthPhoneNumberInputFieldValidation -->
        <test-method signature="lesserLengthPhoneNumberInputFieldValidation(java.lang.String)[pri:3, instance:logintest.LoginTest@1f2586d6]" started-at="2026-02-02T09:54:02 UTC" name="lesserLengthPhoneNumberInputFieldValidation" data-provider="lessThan10DigitNumbers" finished-at="2026-02-02T09:54:03 UTC" duration-ms="330" status="PASS">
          <params>
            <param index="0">
              <value>
                <![CDATA[962164185]]>
              </value>
            </param>
          </params>
          <reporter-output>
          </reporter-output>
        </test-method> <!-- lesserLengthPhoneNumberInputFieldValidation -->
        <test-method signature="lesserLengthPhoneNumberInputFieldValidation(java.lang.String)[pri:3, instance:logintest.LoginTest@1f2586d6]" started-at="2026-02-02T09:54:03 UTC" name="lesserLengthPhoneNumberInputFieldValidation" data-provider="lessThan10DigitNumbers" finished-at="2026-02-02T09:54:03 UTC" duration-ms="303" status="PASS">
          <params>
            <param index="0">
              <value>
                <![CDATA[96216]]>
              </value>
            </param>
          </params>
          <reporter-output>
          </reporter-output>
        </test-method> <!-- lesserLengthPhoneNumberInputFieldValidation -->
        <test-method signature="validPhoneNumberValidation(java.lang.String,java.lang.String)[pri:4, instance:logintest.LoginTest@1f2586d6]" started-at="2026-02-02T09:54:03 UTC" name="validPhoneNumberValidation" data-provider="validPhoneNumber" finished-at="2026-02-02T09:54:04 UTC" duration-ms="1066" status="PASS">
          <params>
            <param index="0">
              <value>
                <![CDATA[3426963790]]>
              </value>
            </param>
            <param index="1">
              <value>
                <![CDATA[OTP Verification]]>
              </value>
            </param>
          </params>
          <reporter-output>
          </reporter-output>
        </test-method> <!-- validPhoneNumberValidation -->
        <test-method is-config="true" signature="tearDown()[pri:0, instance:logintest.LoginTest@1f2586d6]" started-at="2026-02-02T09:54:21 UTC" name="tearDown" finished-at="2026-02-02T09:54:21 UTC" duration-ms="286" status="PASS">
          <reporter-output>
          </reporter-output>
        </test-method> <!-- tearDown -->
      </class> <!-- logintest.LoginTest -->
      <class name="categoryTest.CategoryAndSubCategoryTest">
        <test-method is-config="true" signature="setUp()[pri:0, instance:categoryTest.CategoryAndSubCategoryTest@7dcf94f8]" started-at="2026-02-02T09:54:18 UTC" name="setUp" finished-at="2026-02-02T09:54:19 UTC" duration-ms="1318" status="PASS">
          <reporter-output>
          </reporter-output>
        </test-method> <!-- setUp -->
        <test-method signature="testCategory(java.lang.String)[pri:0, instance:categoryTest.CategoryAndSubCategoryTest@7dcf94f8]" started-at="2026-02-02T09:54:19 UTC" name="testCategory" data-provider="categories" finished-at="2026-02-02T09:54:20 UTC" duration-ms="1378" status="FAIL">
          <params>
            <param index="0">
              <value>
                <![CDATA[hello]]>
              </value>
            </param>
          </params>
          <exception class="java.lang.AssertionError">
            <message>
              <![CDATA[expected [true] but found [false]]]>
            </message>
            <full-stacktrace>
              <![CDATA[java.lang.AssertionError: expected [true] but found [false]
at org.testng.Assert.fail(Assert.java:111)
at org.testng.Assert.failNotEquals(Assert.java:1590)
at org.testng.Assert.assertTrue(Assert.java:57)
at org.testng.Assert.assertTrue(Assert.java:67)
at categoryTest.CategoryAndSubCategoryTest.testCategory(CategoryAndSubCategoryTest.java:54)
at java.base/jdk.internal.reflect.DirectMethodHandleAccessor.invoke(DirectMethodHandleAccessor.java:103)
at java.base/java.lang.reflect.Method.invoke(Method.java:580)
at org.testng.internal.invokers.MethodInvocationHelper.invokeMethod(MethodInvocationHelper.java:141)
at org.testng.internal.invokers.TestInvoker.invokeMethod(TestInvoker.java:687)
at org.testng.internal.invokers.TestInvoker.invokeTestMethod(TestInvoker.java:230)
at org.testng.internal.invokers.MethodRunner.runInSequence(MethodRunner.java:63)
at org.testng.internal.invokers.TestInvoker$MethodInvocationAgent.invoke(TestInvoker.java:995)
at org.testng.internal.invokers.TestInvoker.invokeTestMethods(TestInvoker.java:203)
at org.testng.internal.invokers.TestMethodWorker.invokeTestMethods(TestMethodWorker.java:154)
at org.testng.internal.invokers.TestMethodWorker.run(TestMethodWorker.java:134)
at java.base/java.util.ArrayList.forEach(ArrayList.java:1596)
at org.testng.TestRunner.privateRun(TestRunner.java:741)
at org.testng.TestRunner.run(TestRunner.java:616)
at org.testng.SuiteRunner.runTest(SuiteRunner.java:421)
at org.testng.SuiteRunner.runSequentially(SuiteRunner.java:413)
at org.testng.SuiteRunner.privateRun(SuiteRunner.java:373)
at org.testng.SuiteRunner.run(SuiteRunner.java:312)
at org.testng.SuiteRunnerWorker.runSuite(SuiteRunnerWorker.java:52)
at org.testng.SuiteRunnerWorker.run(SuiteRunnerWorker.java:95)
at org.testng.TestNG.runSuitesSequentially(TestNG.java:1274)
at org.testng.TestNG.runSuitesLocally(TestNG.java:1208)
at org.testng.TestNG.runSuites(TestNG.java:1112)
at org.testng.TestNG.run(TestNG.java:1079)
at org.testng.remote.AbstractRemoteTestNG.run(AbstractRemoteTestNG.java:115)
at org.testng.remote.RemoteTestNG.initAndRun(RemoteTestNG.java:293)
at org.testng.remote.RemoteTestNG.main(RemoteTestNG.java:91)
]]>
            </full-stacktrace>
          </exception> <!-- java.lang.AssertionError -->
          <reporter-output>
          </reporter-output>
        </test-method> <!-- testCategory -->
        <test-method is-config="true" signature="tearDown()[pri:0, instance:categoryTest.CategoryAndSubCategoryTest@7dcf94f8]" started-at="2026-02-02T09:54:21 UTC" name="tearDown" finished-at="2026-02-02T09:54:21 UTC" duration-ms="40" status="PASS">
          <reporter-output>
          </reporter-output>
        </test-method> <!-- tearDown -->
      </class> <!-- categoryTest.CategoryAndSubCategoryTest -->
      <class name="addressTest.AddressTest">
        <test-method is-config="true" signature="setUp()[pri:0, instance:addressTest.AddressTest@682b2fa]" started-at="2026-02-02T09:54:13 UTC" name="setUp" finished-at="2026-02-02T09:54:14 UTC" duration-ms="1227" status="PASS">
          <reporter-output>
          </reporter-output>
        </test-method> <!-- setUp -->
        <test-method signature="testAddress(java.lang.String,java.lang.String)[pri:0, instance:addressTest.AddressTest@682b2fa]" started-at="2026-02-02T09:54:14 UTC" name="testAddress" data-provider="addresses" finished-at="2026-02-02T09:54:18 UTC" duration-ms="3406" status="PASS">
          <params>
            <param index="0">
              <value>
                <![CDATA[tcs gitanjali park]]>
              </value>
            </param>
            <param index="1">
              <value>
                <![CDATA[kolkata]]>
              </value>
            </param>
          </params>
          <reporter-output>
          </reporter-output>
        </test-method> <!-- testAddress -->
        <test-method is-config="true" signature="tearDown()[pri:0, instance:addressTest.AddressTest@682b2fa]" started-at="2026-02-02T09:54:18 UTC" name="tearDown" finished-at="2026-02-02T09:54:18 UTC" duration-ms="31" status="PASS">
          <reporter-output>
          </reporter-output>
        </test-method> <!-- tearDown -->
      </class> <!-- addressTest.AddressTest -->
      <class name="searchTest.SearchTest">
        <test-method is-config="true" signature="setUp()[pri:0, instance:searchTest.SearchTest@139982de]" started-at="2026-02-02T09:54:04 UTC" name="setUp" finished-at="2026-02-02T09:54:05 UTC" duration-ms="1505" status="PASS">
          <reporter-output>
          </reporter-output>
        </test-method> <!-- setUp -->
        <test-method signature="testProductSearch(java.lang.String,java.lang.String)[pri:0, instance:searchTest.SearchTest@139982de]" started-at="2026-02-02T09:54:05 UTC" name="testProductSearch" data-provider="searchData" finished-at="2026-02-02T09:54:13 UTC" duration-ms="7279" status="PASS">
          <params>
            <param index="0">
              <value>
                <![CDATA[boo]]>
              </value>
            </param>
            <param index="1">
              <value>
                <![CDATA[Boost]]>
              </value>
            </param>
          </params>
          <reporter-output>
          </reporter-output>
        </test-method> <!-- testProductSearch -->
        <test-method is-config="true" signature="tearDown()[pri:0, instance:searchTest.SearchTest@139982de]" started-at="2026-02-02T09:54:13 UTC" name="tearDown" finished-at="2026-02-02T09:54:13 UTC" duration-ms="374" status="PASS">
          <reporter-output>
          </reporter-output>
        </test-method> <!-- tearDown -->
      </class> <!-- searchTest.SearchTest -->
    </test> <!-- loginTest -->
  </suite> <!-- Suite -->
</testng-results>
