<?xml version="1.0" encoding="UTF-8"?>
<testng-results ignored="0" total="11" passed="11" failed="0" skipped="0">
  <reporter-output>
  </reporter-output>
  <suite started-at="2026-01-29T21:34:20 UTC" name="Suite" finished-at="2026-01-29T21:34:47 UTC" duration-ms="26287">
    <groups>
    </groups>
    <test started-at="2026-01-29T21:34:20 UTC" name="loginTest" finished-at="2026-01-29T21:34:47 UTC" duration-ms="26287">
      <class name="logintest.LoginTest">
        <test-method is-config="true" signature="setUpSuite()[pri:0, instance:logintest.LoginTest@74235045]" started-at="2026-01-29T21:34:18 UTC" name="setUpSuite" finished-at="2026-01-29T21:34:20 UTC" duration-ms="2329" status="PASS">
          <reporter-output>
          </reporter-output>
        </test-method> <!-- setUpSuite -->
        <test-method is-config="true" signature="setUp()[pri:0, instance:logintest.LoginTest@74235045]" started-at="2026-01-29T21:34:20 UTC" name="setUp" finished-at="2026-01-29T21:34:25 UTC" duration-ms="4822" status="PASS">
          <reporter-output>
          </reporter-output>
        </test-method> <!-- setUp -->
        <test-method signature="VerifyDefaultButtonState()[pri:1, instance:logintest.LoginTest@74235045]" started-at="2026-01-29T21:34:25 UTC" name="VerifyDefaultButtonState" finished-at="2026-01-29T21:34:26 UTC" duration-ms="1170" status="PASS">
          <reporter-output>
          </reporter-output>
        </test-method> <!-- VerifyDefaultButtonState -->
        <test-method signature="greaterLengthPhoneNumberInputFieldValidation(java.lang.String)[pri:2, instance:logintest.LoginTest@74235045]" started-at="2026-01-29T21:34:26 UTC" name="greaterLengthPhoneNumberInputFieldValidation" data-provider="moreThan10DigitNumbers" finished-at="2026-01-29T21:34:27 UTC" duration-ms="373" status="PASS">
          <params>
            <param index="0">
              <value>
                <![CDATA[962164185612]]>
              </value>
            </param>
          </params>
          <reporter-output>
          </reporter-output>
        </test-method> <!-- greaterLengthPhoneNumberInputFieldValidation -->
        <test-method signature="greaterLengthPhoneNumberInputFieldValidation(java.lang.String)[pri:2, instance:logintest.LoginTest@74235045]" started-at="2026-01-29T21:34:27 UTC" name="greaterLengthPhoneNumberInputFieldValidation" data-provider="moreThan10DigitNumbers" finished-at="2026-01-29T21:34:27 UTC" duration-ms="303" status="PASS">
          <params>
            <param index="0">
              <value>
                <![CDATA[962164185623]]>
              </value>
            </param>
          </params>
          <reporter-output>
          </reporter-output>
        </test-method> <!-- greaterLengthPhoneNumberInputFieldValidation -->
        <test-method signature="greaterLengthPhoneNumberInputFieldValidation(java.lang.String)[pri:2, instance:logintest.LoginTest@74235045]" started-at="2026-01-29T21:34:27 UTC" name="greaterLengthPhoneNumberInputFieldValidation" data-provider="moreThan10DigitNumbers" finished-at="2026-01-29T21:34:27 UTC" duration-ms="297" status="PASS">
          <params>
            <param index="0">
              <value>
                <![CDATA[962164185634]]>
              </value>
            </param>
          </params>
          <reporter-output>
          </reporter-output>
        </test-method> <!-- greaterLengthPhoneNumberInputFieldValidation -->
        <test-method signature="lesserLengthPhoneNumberInputFieldValidation(java.lang.String)[pri:3, instance:logintest.LoginTest@74235045]" started-at="2026-01-29T21:34:27 UTC" name="lesserLengthPhoneNumberInputFieldValidation" data-provider="lessThan10DigitNumbers" finished-at="2026-01-29T21:34:28 UTC" duration-ms="259" status="PASS">
          <params>
            <param index="0">
              <value>
                <![CDATA[9]]>
              </value>
            </param>
          </params>
          <reporter-output>
          </reporter-output>
        </test-method> <!-- lesserLengthPhoneNumberInputFieldValidation -->
        <test-method signature="lesserLengthPhoneNumberInputFieldValidation(java.lang.String)[pri:3, instance:logintest.LoginTest@74235045]" started-at="2026-01-29T21:34:28 UTC" name="lesserLengthPhoneNumberInputFieldValidation" data-provider="lessThan10DigitNumbers" finished-at="2026-01-29T21:34:28 UTC" duration-ms="292" status="PASS">
          <params>
            <param index="0">
              <value>
                <![CDATA[962164185]]>
              </value>
            </param>
          </params>
          <reporter-output>
          </reporter-output>
        </test-method> <!-- lesserLengthPhoneNumberInputFieldValidation -->
        <test-method signature="lesserLengthPhoneNumberInputFieldValidation(java.lang.String)[pri:3, instance:logintest.LoginTest@74235045]" started-at="2026-01-29T21:34:28 UTC" name="lesserLengthPhoneNumberInputFieldValidation" data-provider="lessThan10DigitNumbers" finished-at="2026-01-29T21:34:28 UTC" duration-ms="282" status="PASS">
          <params>
            <param index="0">
              <value>
                <![CDATA[96216]]>
              </value>
            </param>
          </params>
          <reporter-output>
          </reporter-output>
        </test-method> <!-- lesserLengthPhoneNumberInputFieldValidation -->
        <test-method signature="validPhoneNumberValidation(java.lang.String,java.lang.String)[pri:4, instance:logintest.LoginTest@74235045]" started-at="2026-01-29T21:34:28 UTC" name="validPhoneNumberValidation" data-provider="validPhoneNumber" finished-at="2026-01-29T21:34:29 UTC" duration-ms="1049" status="PASS">
          <params>
            <param index="0">
              <value>
                <![CDATA[3426963790]]>
              </value>
            </param>
            <param index="1">
              <value>
                <![CDATA[OTP Verification]]>
              </value>
            </param>
          </params>
          <reporter-output>
          </reporter-output>
        </test-method> <!-- validPhoneNumberValidation -->
        <test-method is-config="true" signature="tearDown()[pri:0, instance:logintest.LoginTest@74235045]" started-at="2026-01-29T21:34:47 UTC" name="tearDown" finished-at="2026-01-29T21:34:47 UTC" duration-ms="264" status="PASS">
          <reporter-output>
          </reporter-output>
        </test-method> <!-- tearDown -->
      </class> <!-- logintest.LoginTest -->
      <class name="categoryTest.CategoryAndSubCategoryTest">
        <test-method is-config="true" signature="setUp()[pri:0, instance:categoryTest.CategoryAndSubCategoryTest@411f53a0]" started-at="2026-01-29T21:34:44 UTC" name="setUp" finished-at="2026-01-29T21:34:45 UTC" duration-ms="1698" status="PASS">
          <reporter-output>
          </reporter-output>
        </test-method> <!-- setUp -->
        <test-method signature="testCategory(java.lang.String)[pri:0, instance:categoryTest.CategoryAndSubCategoryTest@411f53a0]" started-at="2026-01-29T21:34:45 UTC" name="testCategory" data-provider="categories" finished-at="2026-01-29T21:34:47 UTC" duration-ms="1364" status="PASS">
          <params>
            <param index="0">
              <value>
                <![CDATA[all]]>
              </value>
            </param>
          </params>
          <reporter-output>
          </reporter-output>
        </test-method> <!-- testCategory -->
        <test-method is-config="true" signature="tearDown()[pri:0, instance:categoryTest.CategoryAndSubCategoryTest@411f53a0]" started-at="2026-01-29T21:34:47 UTC" name="tearDown" finished-at="2026-01-29T21:34:47 UTC" duration-ms="33" status="PASS">
          <reporter-output>
          </reporter-output>
        </test-method> <!-- tearDown -->
      </class> <!-- categoryTest.CategoryAndSubCategoryTest -->
      <class name="addressTest.AddressTest">
        <test-method is-config="true" signature="setUp()[pri:0, instance:addressTest.AddressTest@6b2ea799]" started-at="2026-01-29T21:34:39 UTC" name="setUp" finished-at="2026-01-29T21:34:40 UTC" duration-ms="1204" status="PASS">
          <reporter-output>
          </reporter-output>
        </test-method> <!-- setUp -->
        <test-method signature="testAddress(java.lang.String,java.lang.String)[pri:0, instance:addressTest.AddressTest@6b2ea799]" started-at="2026-01-29T21:34:40 UTC" name="testAddress" data-provider="addresses" finished-at="2026-01-29T21:34:43 UTC" duration-ms="3651" status="PASS">
          <params>
            <param index="0">
              <value>
                <![CDATA[tcs gitanjali park]]>
              </value>
            </param>
            <param index="1">
              <value>
                <![CDATA[kolkata]]>
              </value>
            </param>
          </params>
          <reporter-output>
          </reporter-output>
        </test-method> <!-- testAddress -->
        <test-method is-config="true" signature="tearDown()[pri:0, instance:addressTest.AddressTest@6b2ea799]" started-at="2026-01-29T21:34:43 UTC" name="tearDown" finished-at="2026-01-29T21:34:44 UTC" duration-ms="60" status="PASS">
          <reporter-output>
          </reporter-output>
        </test-method> <!-- tearDown -->
      </class> <!-- addressTest.AddressTest -->
      <class name="searchTest.SearchTest">
        <test-method is-config="true" signature="setUp()[pri:0, instance:searchTest.SearchTest@51399530]" started-at="2026-01-29T21:34:29 UTC" name="setUp" finished-at="2026-01-29T21:34:31 UTC" duration-ms="1439" status="PASS">
          <reporter-output>
          </reporter-output>
        </test-method> <!-- setUp -->
        <test-method signature="testProductSearch(java.lang.String,java.lang.String)[pri:0, instance:searchTest.SearchTest@51399530]" started-at="2026-01-29T21:34:31 UTC" name="testProductSearch" data-provider="searchData" finished-at="2026-01-29T21:34:38 UTC" duration-ms="7545" status="PASS">
          <params>
            <param index="0">
              <value>
                <![CDATA[boo]]>
              </value>
            </param>
            <param index="1">
              <value>
                <![CDATA[Boost]]>
              </value>
            </param>
          </params>
          <reporter-output>
          </reporter-output>
        </test-method> <!-- testProductSearch -->
        <test-method is-config="true" signature="tearDown()[pri:0, instance:searchTest.SearchTest@51399530]" started-at="2026-01-29T21:34:38 UTC" name="tearDown" finished-at="2026-01-29T21:34:39 UTC" duration-ms="377" status="PASS">
          <reporter-output>
          </reporter-output>
        </test-method> <!-- tearDown -->
      </class> <!-- searchTest.SearchTest -->
    </test> <!-- loginTest -->
  </suite> <!-- Suite -->
</testng-results>
