<?xml version="1.0" encoding="UTF-8"?>
<testng-results ignored="0" total="11" passed="11" failed="0" skipped="0">
  <reporter-output>
  </reporter-output>
  <suite started-at="2026-02-02T04:05:21 UTC" name="Suite" finished-at="2026-02-02T04:05:46 UTC" duration-ms="25559">
    <groups>
    </groups>
    <test started-at="2026-02-02T04:05:21 UTC" name="loginTest" finished-at="2026-02-02T04:05:46 UTC" duration-ms="25559">
      <class name="logintest.LoginTest">
        <test-method is-config="true" signature="setUpSuite()[pri:0, instance:logintest.LoginTest@38425407]" started-at="2026-02-02T04:05:17 UTC" name="setUpSuite" finished-at="2026-02-02T04:05:21 UTC" duration-ms="4107" status="PASS">
          <reporter-output>
          </reporter-output>
        </test-method> <!-- setUpSuite -->
        <test-method is-config="true" signature="setUp()[pri:0, instance:logintest.LoginTest@38425407]" started-at="2026-02-02T04:05:21 UTC" name="setUp" finished-at="2026-02-02T04:05:25 UTC" duration-ms="3992" status="PASS">
          <reporter-output>
          </reporter-output>
        </test-method> <!-- setUp -->
        <test-method signature="VerifyDefaultButtonState()[pri:1, instance:logintest.LoginTest@38425407]" started-at="2026-02-02T04:05:25 UTC" name="VerifyDefaultButtonState" finished-at="2026-02-02T04:05:26 UTC" duration-ms="743" status="PASS">
          <reporter-output>
          </reporter-output>
        </test-method> <!-- VerifyDefaultButtonState -->
        <test-method signature="greaterLengthPhoneNumberInputFieldValidation(java.lang.String)[pri:2, instance:logintest.LoginTest@38425407]" started-at="2026-02-02T04:05:26 UTC" name="greaterLengthPhoneNumberInputFieldValidation" data-provider="moreThan10DigitNumbers" finished-at="2026-02-02T04:05:26 UTC" duration-ms="395" status="PASS">
          <params>
            <param index="0">
              <value>
                <![CDATA[962164185612]]>
              </value>
            </param>
          </params>
          <reporter-output>
          </reporter-output>
        </test-method> <!-- greaterLengthPhoneNumberInputFieldValidation -->
        <test-method signature="greaterLengthPhoneNumberInputFieldValidation(java.lang.String)[pri:2, instance:logintest.LoginTest@38425407]" started-at="2026-02-02T04:05:26 UTC" name="greaterLengthPhoneNumberInputFieldValidation" data-provider="moreThan10DigitNumbers" finished-at="2026-02-02T04:05:26 UTC" duration-ms="327" status="PASS">
          <params>
            <param index="0">
              <value>
                <![CDATA[962164185623]]>
              </value>
            </param>
          </params>
          <reporter-output>
          </reporter-output>
        </test-method> <!-- greaterLengthPhoneNumberInputFieldValidation -->
        <test-method signature="greaterLengthPhoneNumberInputFieldValidation(java.lang.String)[pri:2, instance:logintest.LoginTest@38425407]" started-at="2026-02-02T04:05:26 UTC" name="greaterLengthPhoneNumberInputFieldValidation" data-provider="moreThan10DigitNumbers" finished-at="2026-02-02T04:05:27 UTC" duration-ms="334" status="PASS">
          <params>
            <param index="0">
              <value>
                <![CDATA[962164185634]]>
              </value>
            </param>
          </params>
          <reporter-output>
          </reporter-output>
        </test-method> <!-- greaterLengthPhoneNumberInputFieldValidation -->
        <test-method signature="lesserLengthPhoneNumberInputFieldValidation(java.lang.String)[pri:3, instance:logintest.LoginTest@38425407]" started-at="2026-02-02T04:05:27 UTC" name="lesserLengthPhoneNumberInputFieldValidation" data-provider="lessThan10DigitNumbers" finished-at="2026-02-02T04:05:27 UTC" duration-ms="343" status="PASS">
          <params>
            <param index="0">
              <value>
                <![CDATA[9]]>
              </value>
            </param>
          </params>
          <reporter-output>
          </reporter-output>
        </test-method> <!-- lesserLengthPhoneNumberInputFieldValidation -->
        <test-method signature="lesserLengthPhoneNumberInputFieldValidation(java.lang.String)[pri:3, instance:logintest.LoginTest@38425407]" started-at="2026-02-02T04:05:27 UTC" name="lesserLengthPhoneNumberInputFieldValidation" data-provider="lessThan10DigitNumbers" finished-at="2026-02-02T04:05:27 UTC" duration-ms="304" status="PASS">
          <params>
            <param index="0">
              <value>
                <![CDATA[962164185]]>
              </value>
            </param>
          </params>
          <reporter-output>
          </reporter-output>
        </test-method> <!-- lesserLengthPhoneNumberInputFieldValidation -->
        <test-method signature="lesserLengthPhoneNumberInputFieldValidation(java.lang.String)[pri:3, instance:logintest.LoginTest@38425407]" started-at="2026-02-02T04:05:27 UTC" name="lesserLengthPhoneNumberInputFieldValidation" data-provider="lessThan10DigitNumbers" finished-at="2026-02-02T04:05:28 UTC" duration-ms="315" status="PASS">
          <params>
            <param index="0">
              <value>
                <![CDATA[96216]]>
              </value>
            </param>
          </params>
          <reporter-output>
          </reporter-output>
        </test-method> <!-- lesserLengthPhoneNumberInputFieldValidation -->
        <test-method signature="validPhoneNumberValidation(java.lang.String,java.lang.String)[pri:4, instance:logintest.LoginTest@38425407]" started-at="2026-02-02T04:05:28 UTC" name="validPhoneNumberValidation" data-provider="validPhoneNumber" finished-at="2026-02-02T04:05:29 UTC" duration-ms="1066" status="PASS">
          <params>
            <param index="0">
              <value>
                <![CDATA[3426963790]]>
              </value>
            </param>
            <param index="1">
              <value>
                <![CDATA[OTP Verification]]>
              </value>
            </param>
          </params>
          <reporter-output>
          </reporter-output>
        </test-method> <!-- validPhoneNumberValidation -->
        <test-method is-config="true" signature="tearDown()[pri:0, instance:logintest.LoginTest@38425407]" started-at="2026-02-02T04:05:47 UTC" name="tearDown" finished-at="2026-02-02T04:05:47 UTC" duration-ms="260" status="PASS">
          <reporter-output>
          </reporter-output>
        </test-method> <!-- tearDown -->
      </class> <!-- logintest.LoginTest -->
      <class name="categoryTest.CategoryAndSubCategoryTest">
        <test-method is-config="true" signature="setUp()[pri:0, instance:categoryTest.CategoryAndSubCategoryTest@4c402120]" started-at="2026-02-02T04:05:44 UTC" name="setUp" finished-at="2026-02-02T04:05:45 UTC" duration-ms="1259" status="PASS">
          <reporter-output>
          </reporter-output>
        </test-method> <!-- setUp -->
        <test-method signature="testCategory(java.lang.String)[pri:0, instance:categoryTest.CategoryAndSubCategoryTest@4c402120]" started-at="2026-02-02T04:05:45 UTC" name="testCategory" data-provider="categories" finished-at="2026-02-02T04:05:46 UTC" duration-ms="1588" status="PASS">
          <params>
            <param index="0">
              <value>
                <![CDATA[all]]>
              </value>
            </param>
          </params>
          <reporter-output>
          </reporter-output>
        </test-method> <!-- testCategory -->
        <test-method is-config="true" signature="tearDown()[pri:0, instance:categoryTest.CategoryAndSubCategoryTest@4c402120]" started-at="2026-02-02T04:05:46 UTC" name="tearDown" finished-at="2026-02-02T04:05:46 UTC" duration-ms="33" status="PASS">
          <reporter-output>
          </reporter-output>
        </test-method> <!-- tearDown -->
      </class> <!-- categoryTest.CategoryAndSubCategoryTest -->
      <class name="addressTest.AddressTest">
        <test-method is-config="true" signature="setUp()[pri:0, instance:addressTest.AddressTest@2d1ef81a]" started-at="2026-02-02T04:05:39 UTC" name="setUp" finished-at="2026-02-02T04:05:41 UTC" duration-ms="1968" status="PASS">
          <reporter-output>
          </reporter-output>
        </test-method> <!-- setUp -->
        <test-method signature="testAddress(java.lang.String,java.lang.String)[pri:0, instance:addressTest.AddressTest@2d1ef81a]" started-at="2026-02-02T04:05:41 UTC" name="testAddress" data-provider="addresses" finished-at="2026-02-02T04:05:44 UTC" duration-ms="2914" status="PASS">
          <params>
            <param index="0">
              <value>
                <![CDATA[tcs gitanjali park]]>
              </value>
            </param>
            <param index="1">
              <value>
                <![CDATA[kolkata]]>
              </value>
            </param>
          </params>
          <reporter-output>
          </reporter-output>
        </test-method> <!-- testAddress -->
        <test-method is-config="true" signature="tearDown()[pri:0, instance:addressTest.AddressTest@2d1ef81a]" started-at="2026-02-02T04:05:44 UTC" name="tearDown" finished-at="2026-02-02T04:05:44 UTC" duration-ms="57" status="PASS">
          <reporter-output>
          </reporter-output>
        </test-method> <!-- tearDown -->
      </class> <!-- addressTest.AddressTest -->
      <class name="searchTest.SearchTest">
        <test-method is-config="true" signature="setUp()[pri:0, instance:searchTest.SearchTest@22ff4249]" started-at="2026-02-02T04:05:29 UTC" name="setUp" finished-at="2026-02-02T04:05:30 UTC" duration-ms="1506" status="PASS">
          <reporter-output>
          </reporter-output>
        </test-method> <!-- setUp -->
        <test-method signature="testProductSearch(java.lang.String,java.lang.String)[pri:0, instance:searchTest.SearchTest@22ff4249]" started-at="2026-02-02T04:05:30 UTC" name="testProductSearch" data-provider="searchData" finished-at="2026-02-02T04:05:38 UTC" duration-ms="7900" status="PASS">
          <params>
            <param index="0">
              <value>
                <![CDATA[boo]]>
              </value>
            </param>
            <param index="1">
              <value>
                <![CDATA[Boost]]>
              </value>
            </param>
          </params>
          <reporter-output>
          </reporter-output>
        </test-method> <!-- testProductSearch -->
        <test-method is-config="true" signature="tearDown()[pri:0, instance:searchTest.SearchTest@22ff4249]" started-at="2026-02-02T04:05:38 UTC" name="tearDown" finished-at="2026-02-02T04:05:39 UTC" duration-ms="434" status="PASS">
          <reporter-output>
          </reporter-output>
        </test-method> <!-- tearDown -->
      </class> <!-- searchTest.SearchTest -->
    </test> <!-- loginTest -->
  </suite> <!-- Suite -->
</testng-results>
