<?xml version="1.0" encoding="UTF-8"?>
<!-- Generated by org.testng.reporters.JUnitReportReporter -->
<testsuite hostname="ip-172-31-6-239" failures="0" tests="8" name="logintest.LoginTest" time="3.766" errors="0" timestamp="2026-01-26T14:40:14 UTC" skipped="0">
  <testcase classname="logintest.LoginTest" name="VerifyDefaultButtonState" time="1.220"/>
  <testcase classname="logintest.LoginTest" name="greaterLengthPhoneNumberInputFieldValidation" time="0.305"/>
  <testcase classname="logintest.LoginTest" name="greaterLengthPhoneNumberInputFieldValidation" time="0.313"/>
  <testcase classname="logintest.LoginTest" name="greaterLengthPhoneNumberInputFieldValidation" time="0.248"/>
  <testcase classname="logintest.LoginTest" name="lesserLengthPhoneNumberInputFieldValidation" time="0.223"/>
  <testcase classname="logintest.LoginTest" name="lesserLengthPhoneNumberInputFieldValidation" time="0.250"/>
  <testcase classname="logintest.LoginTest" name="lesserLengthPhoneNumberInputFieldValidation" time="0.235"/>
  <testcase classname="logintest.LoginTest" name="validPhoneNumberValidation" time="0.972"/>
</testsuite> <!-- logintest.LoginTest -->
