<?xml version="1.0" encoding="UTF-8"?>
<!-- Generated by org.testng.reporters.JUnitReportReporter -->
<testsuite hostname="ip-172-31-6-239" failures="0" tests="8" name="logintest.LoginTest" time="3.951" errors="0" timestamp="2026-02-02T09:54:21 UTC" skipped="0">
  <testcase classname="logintest.LoginTest" name="VerifyDefaultButtonState" time="0.776"/>
  <testcase classname="logintest.LoginTest" name="greaterLengthPhoneNumberInputFieldValidation" time="0.357"/>
  <testcase classname="logintest.LoginTest" name="greaterLengthPhoneNumberInputFieldValidation" time="0.382"/>
  <testcase classname="logintest.LoginTest" name="greaterLengthPhoneNumberInputFieldValidation" time="0.439"/>
  <testcase classname="logintest.LoginTest" name="lesserLengthPhoneNumberInputFieldValidation" time="0.298"/>
  <testcase classname="logintest.LoginTest" name="lesserLengthPhoneNumberInputFieldValidation" time="0.303"/>
  <testcase classname="logintest.LoginTest" name="lesserLengthPhoneNumberInputFieldValidation" time="0.330"/>
  <testcase classname="logintest.LoginTest" name="validPhoneNumberValidation" time="1.066"/>
</testsuite> <!-- logintest.LoginTest -->
